[14.04.23|00:07:50] Folder: "/db" FOUND
[14.04.23|00:07:50] DATABASE: "users.db" FOUND
[14.04.23|00:07:50] TABLE: "Users" FOUND
[14.04.23|00:07:50] DATABASE: "posts.db" FOUND
[14.04.23|00:07:50] TABLE: "Posts" FOUND
[14.04.23|00:07:50] DATABASE: "comments.db" FOUND
[14.04.23|00:07:50] TABLE: "Comments" FOUND
[14.04.23|00:08:26] USER: "mushkan" NOT FOUND
[14.04.23|00:08:56] USER: "Mushkan" ADDED TO DATABASE
[14.04.23|00:09:02] POST: "1" FOUND
[14.04.23|00:09:38] USER: "dogukanurker" FOUND
[14.04.23|00:09:38] USER: "dogukanurker"s PAGE LOADED
[14.04.23|00:09:41] POST: "3" FOUND
[14.04.23|00:11:53] Folder: "/db" FOUND
[14.04.23|00:11:53] DATABASE: "users.db" FOUND
[14.04.23|00:11:53] TABLE: "Users" FOUND
[14.04.23|00:11:53] DATABASE: "posts.db" FOUND
[14.04.23|00:11:53] TABLE: "Posts" FOUND
[14.04.23|00:11:53] DATABASE: "comments.db" FOUND
[14.04.23|00:11:53] TABLE: "Comments" FOUND
[14.04.23|00:11:53] Folder: "/db" FOUND
[14.04.23|00:11:53] DATABASE: "users.db" FOUND
[14.04.23|00:11:53] TABLE: "Users" FOUND
[14.04.23|00:11:53] DATABASE: "posts.db" FOUND
[14.04.23|00:11:53] TABLE: "Posts" FOUND
[14.04.23|00:11:53] DATABASE: "comments.db" FOUND
[14.04.23|00:11:53] TABLE: "Comments" FOUND
[14.04.23|00:23:14] Folder: "/db" FOUND
[14.04.23|00:23:14] DATABASE: "users.db" FOUND
[14.04.23|00:23:14] TABLE: "Users" FOUND
[14.04.23|00:23:14] DATABASE: "posts.db" FOUND
[14.04.23|00:23:14] TABLE: "Posts" FOUND
[14.04.23|00:23:14] DATABASE: "comments.db" FOUND
[14.04.23|00:23:14] TABLE: "Comments" FOUND
[14.04.23|00:23:29] 1 POINTS ADDED TO "Mushkan"
[14.04.23|00:23:29] USER: "Mushkan" LOGGED IN
[14.04.23|00:24:19] Folder: "/db" FOUND
[14.04.23|00:24:19] DATABASE: "users.db" FOUND
[14.04.23|00:24:19] TABLE: "Users" FOUND
[14.04.23|00:24:19] DATABASE: "posts.db" FOUND
[14.04.23|00:24:19] TABLE: "Posts" FOUND
[14.04.23|00:24:19] DATABASE: "comments.db" FOUND
[14.04.23|00:24:19] TABLE: "Comments" FOUND
[14.04.23|00:25:03] POST: "3" FOUND
[14.04.23|00:25:37] 404
[14.04.23|23:29:23] Folder: "/db" FOUND
[14.04.23|23:29:23] DATABASE: "users.db" FOUND
[14.04.23|23:29:23] TABLE: "Users" FOUND
[14.04.23|23:29:23] DATABASE: "posts.db" FOUND
[14.04.23|23:29:23] TABLE: "Posts" FOUND
[14.04.23|23:29:23] DATABASE: "comments.db" FOUND
[14.04.23|23:29:23] TABLE: "Comments" FOUND
[14.04.23|23:29:47] 1 POINTS ADDED TO "Mushkan"
[14.04.23|23:29:47] USER: "Mushkan" LOGGED IN
[14.04.23|23:29:59] USER: "Mushkan" LOGGED OUT
[19.04.23|00:14:50] Folder: "/db" FOUND
[19.04.23|00:14:50] DATABASE: "users.db" FOUND
[19.04.23|00:14:50] TABLE: "Users" FOUND
[19.04.23|00:14:50] DATABASE: "posts.db" FOUND
[19.04.23|00:14:50] TABLE: "Posts" FOUND
[19.04.23|00:14:50] DATABASE: "comments.db" FOUND
[19.04.23|00:14:50] TABLE: "Comments" FOUND
[19.04.23|00:14:51] Folder: "/db" FOUND
[19.04.23|00:14:51] DATABASE: "users.db" FOUND
[19.04.23|00:14:51] TABLE: "Users" FOUND
[19.04.23|00:14:51] DATABASE: "posts.db" FOUND
[19.04.23|00:14:51] TABLE: "Posts" FOUND
[19.04.23|00:14:51] DATABASE: "comments.db" FOUND
[19.04.23|00:14:51] TABLE: "Comments" FOUND
[19.04.23|00:18:47] Folder: "/db" FOUND
[19.04.23|00:18:47] DATABASE: "users.db" FOUND
[19.04.23|00:18:47] TABLE: "Users" FOUND
[19.04.23|00:18:47] DATABASE: "posts.db" FOUND
[19.04.23|00:18:47] TABLE: "Posts" FOUND
[19.04.23|00:18:47] DATABASE: "comments.db" FOUND
[19.04.23|00:18:47] TABLE: "Comments" FOUND
[19.04.23|00:18:47] Folder: "/db" FOUND
[19.04.23|00:18:47] DATABASE: "users.db" FOUND
[19.04.23|00:18:47] TABLE: "Users" FOUND
[19.04.23|00:18:47] DATABASE: "posts.db" FOUND
[19.04.23|00:18:47] TABLE: "Posts" FOUND
[19.04.23|00:18:47] DATABASE: "comments.db" FOUND
[19.04.23|00:18:47] TABLE: "Comments" FOUND
[19.04.23|00:20:18] Folder: "/db" FOUND
[19.04.23|00:20:18] DATABASE: "users.db" FOUND
[19.04.23|00:20:18] TABLE: "Users" FOUND
[19.04.23|00:20:18] DATABASE: "posts.db" FOUND
[19.04.23|00:20:18] TABLE: "Posts" FOUND
[19.04.23|00:20:18] DATABASE: "comments.db" FOUND
[19.04.23|00:20:18] TABLE: "Comments" FOUND
[19.04.23|00:20:24] POST: "1" FOUND
[19.04.23|00:24:25] USER: "mushkan23" NOT FOUND
[19.04.23|00:24:34] 1 POINTS ADDED TO "Mushkan"
[19.04.23|00:24:34] USER: "Mushkan" LOGGED IN
[19.04.23|00:24:34] POST: "1" FOUND
[19.04.23|00:24:57] POST: "1" FOUND
[19.04.23|00:24:57] 5 POINTS ADDED TO "Mushkan"
[19.04.23|00:24:57] POST: "1" FOUND
[19.04.23|00:27:15] USER: "Mushkan" LOGGED OUT
[19.04.23|00:29:37] POST: "1" FOUND
[19.04.23|00:38:25] 404
[19.04.23|00:44:07] POST: "2" FOUND
